app/build/intermediates/manifest_merge_blame_file/debug/manifest-merger-blame-debug-report.txt
1<?xml version="1.0" encoding="utf-8"?>
2<manifest xmlns:android="http://schemas.android.com/apk/res/android"
3    package="com.cesde.epssaludtotal"
4    android:versionCode="1"
5    android:versionName="1.0" >
6
7    <uses-sdk
8        android:minSdkVersion="21"
8-->src\main\AndroidManifest.xml
9        android:targetSdkVersion="29" />
9-->src\main\AndroidManifest.xml
10
11    <uses-permission android:name="android.permission.ACCESS_NETWORK_STATE" />
11-->[com.google.firebase:firebase-firestore:17.1.2] AndroidManifest.xml:10:5-79
11-->[com.google.firebase:firebase-firestore:17.1.2] AndroidManifest.xml:10:22-76
12    <uses-permission android:name="android.permission.INTERNET" />
12-->[com.google.firebase:firebase-firestore:17.1.2] AndroidManifest.xml:11:5-67
12-->[com.google.firebase:firebase-firestore:17.1.2] AndroidManifest.xml:11:22-64
13
14    <application
14-->src\main\AndroidManifest.xml:5:5-30:19
15        android:allowBackup="true"
15-->src\main\AndroidManifest.xml:6:9-35
16        android:appComponentFactory="androidx.core.app.CoreComponentFactory"
16-->[androidx.core:core:1.1.0] AndroidManifest.xml:24:18-86
17        android:debuggable="true"
18        android:icon="@drawable/logoapp"
18-->src\main\AndroidManifest.xml:7:9-41
19        android:label="@string/app_name"
19-->src\main\AndroidManifest.xml:8:9-41
20        android:roundIcon="@drawable/logoapp"
20-->src\main\AndroidManifest.xml:9:9-46
21        android:supportsRtl="true"
21-->src\main\AndroidManifest.xml:10:9-35
22        android:testOnly="true"
23        android:theme="@style/AppTheme" >
23-->src\main\AndroidManifest.xml:11:9-40
24        <activity android:name="com.cesde.epssaludtotal.nuevacita" />
24-->src\main\AndroidManifest.xml:12:9-47
24-->src\main\AndroidManifest.xml:12:19-44
25        <activity android:name="com.cesde.epssaludtotal.principalmedico" />
25-->src\main\AndroidManifest.xml:13:9-53
25-->src\main\AndroidManifest.xml:13:19-50
26        <activity android:name="com.cesde.epssaludtotal.principalpaciente" />
26-->src\main\AndroidManifest.xml:14:9-55
26-->src\main\AndroidManifest.xml:14:19-52
27        <activity android:name="com.cesde.epssaludtotal.loginmedico" />
27-->src\main\AndroidManifest.xml:15:9-49
27-->src\main\AndroidManifest.xml:15:19-46
28        <activity android:name="com.cesde.epssaludtotal.loginusuarios" />
28-->src\main\AndroidManifest.xml:16:9-51
28-->src\main\AndroidManifest.xml:16:19-48
29        <activity android:name="com.cesde.epssaludtotal.loginadministrador" />
29-->src\main\AndroidManifest.xml:17:9-56
29-->src\main\AndroidManifest.xml:17:19-53
30        <activity android:name="com.cesde.epssaludtotal.re_pacientes" />
30-->src\main\AndroidManifest.xml:18:9-50
30-->src\main\AndroidManifest.xml:18:19-47
31        <activity android:name="com.cesde.epssaludtotal.re_medicos" />
31-->src\main\AndroidManifest.xml:19:9-48
31-->src\main\AndroidManifest.xml:19:19-45
32        <activity android:name="com.cesde.epssaludtotal.Registromedicos" />
32-->src\main\AndroidManifest.xml:20:9-53
32-->src\main\AndroidManifest.xml:20:19-50
33        <activity android:name="com.cesde.epssaludtotal.Registropacientes" />
33-->src\main\AndroidManifest.xml:21:9-55
33-->src\main\AndroidManifest.xml:21:19-52
34        <activity android:name="com.cesde.epssaludtotal.Administrador" />
34-->src\main\AndroidManifest.xml:22:9-51
34-->src\main\AndroidManifest.xml:22:19-48
35        <activity android:name="com.cesde.epssaludtotal.MainActivity" >
35-->src\main\AndroidManifest.xml:23:9-29:20
35-->src\main\AndroidManifest.xml:23:19-47
36            <intent-filter>
36-->src\main\AndroidManifest.xml:24:13-28:29
37                <action android:name="android.intent.action.MAIN" />
37-->src\main\AndroidManifest.xml:25:17-69
37-->src\main\AndroidManifest.xml:25:25-66
38
39                <category android:name="android.intent.category.LAUNCHER" />
39-->src\main\AndroidManifest.xml:27:17-77
39-->src\main\AndroidManifest.xml:27:27-74
40            </intent-filter>
41        </activity>
42
43        <service android:name="com.google.firebase.components.ComponentDiscoveryService" >
43-->[com.google.firebase:firebase-firestore:17.1.2] AndroidManifest.xml:14:9-18:19
43-->[com.google.firebase:firebase-firestore:17.1.2] AndroidManifest.xml:14:18-89
44            <meta-data
44-->[com.google.firebase:firebase-firestore:17.1.2] AndroidManifest.xml:15:13-17:85
45                android:name="com.google.firebase.components:com.google.firebase.firestore.FirestoreRegistrar"
45-->[com.google.firebase:firebase-firestore:17.1.2] AndroidManifest.xml:16:17-111
46                android:value="com.google.firebase.components.ComponentRegistrar" />
46-->[com.google.firebase:firebase-firestore:17.1.2] AndroidManifest.xml:17:17-82
47        </service>
48
49        <activity
49-->[com.google.android.gms:play-services-base:16.0.1] AndroidManifest.xml:23:9-26:75
50            android:name="com.google.android.gms.common.api.GoogleApiActivity"
50-->[com.google.android.gms:play-services-base:16.0.1] AndroidManifest.xml:24:13-79
51            android:exported="false"
51-->[com.google.android.gms:play-services-base:16.0.1] AndroidManifest.xml:25:13-37
52            android:theme="@android:style/Theme.Translucent.NoTitleBar" />
52-->[com.google.android.gms:play-services-base:16.0.1] AndroidManifest.xml:26:13-72
53
54        <provider
54-->[com.google.firebase:firebase-common:16.0.3] AndroidManifest.xml:10:9-14:39
55            android:name="com.google.firebase.provider.FirebaseInitProvider"
55-->[com.google.firebase:firebase-common:16.0.3] AndroidManifest.xml:11:13-77
56            android:authorities="com.cesde.epssaludtotal.firebaseinitprovider"
56-->[com.google.firebase:firebase-common:16.0.3] AndroidManifest.xml:12:13-72
57            android:exported="false"
57-->[com.google.firebase:firebase-common:16.0.3] AndroidManifest.xml:13:13-37
58            android:initOrder="100" />
58-->[com.google.firebase:firebase-common:16.0.3] AndroidManifest.xml:14:13-36
59
60        <meta-data
60-->[com.google.android.gms:play-services-basement:16.0.1] AndroidManifest.xml:23:9-25:69
61            android:name="com.google.android.gms.version"
61-->[com.google.android.gms:play-services-basement:16.0.1] AndroidManifest.xml:24:13-58
62            android:value="@integer/google_play_services_version" />
62-->[com.google.android.gms:play-services-basement:16.0.1] AndroidManifest.xml:25:13-66
63    </application>
64
65</manifest>